mode: atomic
github.com/Viva-Victoria/bear-jwt/alg/hmac_sha.go:16.59,17.19 1 9
github.com/Viva-Victoria/bear-jwt/alg/hmac_sha.go:21.2,22.11 2 8
github.com/Viva-Victoria/bear-jwt/alg/hmac_sha.go:33.2,35.38 1 7
github.com/Viva-Victoria/bear-jwt/alg/hmac_sha.go:17.19,19.3 1 1
github.com/Viva-Victoria/bear-jwt/alg/hmac_sha.go:23.13,24.27 1 5
github.com/Viva-Victoria/bear-jwt/alg/hmac_sha.go:25.13,26.27 1 1
github.com/Viva-Victoria/bear-jwt/alg/hmac_sha.go:27.13,28.27 1 1
github.com/Viva-Victoria/bear-jwt/alg/hmac_sha.go:29.10,30.66 1 1
github.com/Viva-Victoria/bear-jwt/alg/hmac_sha.go:35.38,37.4 1 8
github.com/Viva-Victoria/bear-jwt/alg/hmac_sha.go:41.66,43.16 2 5
github.com/Viva-Victoria/bear-jwt/alg/hmac_sha.go:47.2,47.45 1 4
github.com/Viva-Victoria/bear-jwt/alg/hmac_sha.go:43.16,45.3 1 1
github.com/Viva-Victoria/bear-jwt/alg/hmac_sha.go:50.29,52.2 1 1
github.com/Viva-Victoria/bear-jwt/alg/hmac_sha.go:54.55,56.2 1 10
github.com/Viva-Victoria/bear-jwt/alg/none.go:7.35,9.2 1 1
github.com/Viva-Victoria/bear-jwt/alg/none.go:12.61,14.2 1 1
github.com/Viva-Victoria/bear-jwt/alg/none.go:17.72,19.2 1 1
github.com/Viva-Victoria/bear-jwt/alg/pkcs.go:17.108,18.43 1 11
github.com/Viva-Victoria/bear-jwt/alg/pkcs.go:22.2,23.11 2 9
github.com/Viva-Victoria/bear-jwt/alg/pkcs.go:34.2,39.8 1 8
github.com/Viva-Victoria/bear-jwt/alg/pkcs.go:18.43,20.3 1 2
github.com/Viva-Victoria/bear-jwt/alg/pkcs.go:24.13,25.23 1 6
github.com/Viva-Victoria/bear-jwt/alg/pkcs.go:26.13,27.23 1 1
github.com/Viva-Victoria/bear-jwt/alg/pkcs.go:28.13,29.23 1 1
github.com/Viva-Victoria/bear-jwt/alg/pkcs.go:30.10,31.73 1 1
github.com/Viva-Victoria/bear-jwt/alg/pkcs.go:42.69,44.16 2 6
github.com/Viva-Victoria/bear-jwt/alg/pkcs.go:48.2,49.16 2 5
github.com/Viva-Victoria/bear-jwt/alg/pkcs.go:57.2,57.18 1 3
github.com/Viva-Victoria/bear-jwt/alg/pkcs.go:44.16,46.3 1 1
github.com/Viva-Victoria/bear-jwt/alg/pkcs.go:49.16,50.33 1 2
github.com/Viva-Victoria/bear-jwt/alg/pkcs.go:54.3,54.20 1 1
github.com/Viva-Victoria/bear-jwt/alg/pkcs.go:50.33,52.4 1 1
github.com/Viva-Victoria/bear-jwt/alg/pkcs.go:60.32,62.2 1 1
github.com/Viva-Victoria/bear-jwt/alg/pkcs.go:64.58,66.16 2 5
github.com/Viva-Victoria/bear-jwt/alg/pkcs.go:70.2,71.16 2 4
github.com/Viva-Victoria/bear-jwt/alg/pkcs.go:75.2,75.23 1 4
github.com/Viva-Victoria/bear-jwt/alg/pkcs.go:66.16,68.3 1 1
github.com/Viva-Victoria/bear-jwt/alg/pkcs.go:71.16,73.3 1 0
github.com/Viva-Victoria/bear-jwt/alg/pool.go:12.57,15.28 1 32
github.com/Viva-Victoria/bear-jwt/alg/pool.go:15.28,17.5 1 40
github.com/Viva-Victoria/bear-jwt/alg/pool.go:22.55,25.16 3 40
github.com/Viva-Victoria/bear-jwt/alg/pool.go:29.2,29.29 1 35
github.com/Viva-Victoria/bear-jwt/alg/pool.go:25.16,27.3 1 5
github.com/Viva-Victoria/bear-jwt/alg/pss.go:35.105,36.43 1 9
github.com/Viva-Victoria/bear-jwt/alg/pss.go:40.2,43.11 3 7
github.com/Viva-Victoria/bear-jwt/alg/pss.go:54.2,60.8 1 6
github.com/Viva-Victoria/bear-jwt/alg/pss.go:36.43,38.3 1 2
github.com/Viva-Victoria/bear-jwt/alg/pss.go:44.13,45.47 1 4
github.com/Viva-Victoria/bear-jwt/alg/pss.go:46.13,47.47 1 1
github.com/Viva-Victoria/bear-jwt/alg/pss.go:48.13,49.47 1 1
github.com/Viva-Victoria/bear-jwt/alg/pss.go:50.10,51.70 1 1
github.com/Viva-Victoria/bear-jwt/alg/pss.go:63.68,65.16 2 4
github.com/Viva-Victoria/bear-jwt/alg/pss.go:69.2,70.16 2 4
github.com/Viva-Victoria/bear-jwt/alg/pss.go:78.2,78.18 1 3
github.com/Viva-Victoria/bear-jwt/alg/pss.go:65.16,67.3 1 0
github.com/Viva-Victoria/bear-jwt/alg/pss.go:70.16,71.33 1 1
github.com/Viva-Victoria/bear-jwt/alg/pss.go:75.3,75.20 1 0
github.com/Viva-Victoria/bear-jwt/alg/pss.go:71.33,73.4 1 1
github.com/Viva-Victoria/bear-jwt/alg/pss.go:81.31,83.2 1 1
github.com/Viva-Victoria/bear-jwt/alg/pss.go:85.57,87.16 2 4
github.com/Viva-Victoria/bear-jwt/alg/pss.go:91.2,92.16 2 4
github.com/Viva-Victoria/bear-jwt/alg/pss.go:96.2,96.23 1 4
github.com/Viva-Victoria/bear-jwt/alg/pss.go:87.16,89.3 1 0
github.com/Viva-Victoria/bear-jwt/alg/pss.go:92.16,94.3 1 0
github.com/Viva-Victoria/bear-jwt/alg/ecdsa.go:23.101,24.43 1 10
github.com/Viva-Victoria/bear-jwt/alg/ecdsa.go:28.2,31.11 3 8
github.com/Viva-Victoria/bear-jwt/alg/ecdsa.go:42.2,43.21 2 7
github.com/Viva-Victoria/bear-jwt/alg/ecdsa.go:47.2,52.8 1 6
github.com/Viva-Victoria/bear-jwt/alg/ecdsa.go:24.43,26.3 1 2
github.com/Viva-Victoria/bear-jwt/alg/ecdsa.go:32.13,33.36 1 5
github.com/Viva-Victoria/bear-jwt/alg/ecdsa.go:34.13,35.36 1 1
github.com/Viva-Victoria/bear-jwt/alg/ecdsa.go:36.13,37.37 1 1
github.com/Viva-Victoria/bear-jwt/alg/ecdsa.go:38.10,39.61 1 1
github.com/Viva-Victoria/bear-jwt/alg/ecdsa.go:43.21,45.3 1 1
github.com/Viva-Victoria/bear-jwt/alg/ecdsa.go:55.64,56.46 1 5
github.com/Viva-Victoria/bear-jwt/alg/ecdsa.go:60.2,61.16 2 4
github.com/Viva-Victoria/bear-jwt/alg/ecdsa.go:65.2,69.53 4 4
github.com/Viva-Victoria/bear-jwt/alg/ecdsa.go:56.46,58.3 1 1
github.com/Viva-Victoria/bear-jwt/alg/ecdsa.go:61.16,63.3 1 0
github.com/Viva-Victoria/bear-jwt/alg/ecdsa.go:72.27,74.2 1 22
github.com/Viva-Victoria/bear-jwt/alg/ecdsa.go:76.53,78.16 2 4
github.com/Viva-Victoria/bear-jwt/alg/ecdsa.go:82.2,83.16 2 4
github.com/Viva-Victoria/bear-jwt/alg/ecdsa.go:87.2,93.23 5 4
github.com/Viva-Victoria/bear-jwt/alg/ecdsa.go:78.16,80.3 1 0
github.com/Viva-Victoria/bear-jwt/alg/ecdsa.go:83.16,85.3 1 0
github.com/Viva-Victoria/bear-jwt/alg/ecdsa.go:96.62,98.2 1 8
github.com/Viva-Victoria/bear-jwt/alg/ecdsa.go:100.33,102.16 2 8
github.com/Viva-Victoria/bear-jwt/alg/ecdsa.go:106.2,106.14 1 8
github.com/Viva-Victoria/bear-jwt/alg/ecdsa.go:102.16,104.3 1 1
github.com/Viva-Victoria/bear-jwt/alg/ed25519.go:10.88,11.43 1 5
github.com/Viva-Victoria/bear-jwt/alg/ed25519.go:15.2,15.55 1 3
github.com/Viva-Victoria/bear-jwt/alg/ed25519.go:11.43,13.3 1 2
github.com/Viva-Victoria/bear-jwt/alg/ed25519.go:18.29,20.2 1 1
github.com/Viva-Victoria/bear-jwt/alg/ed25519.go:22.55,24.2 1 1
github.com/Viva-Victoria/bear-jwt/alg/ed25519.go:26.66,28.2 1 2
github.com/Viva-Victoria/bear-jwt/audience.go:16.50,17.14 1 3
github.com/Viva-Victoria/bear-jwt/audience.go:21.2,22.21 2 3
github.com/Viva-Victoria/bear-jwt/audience.go:17.14,19.3 1 0
github.com/Viva-Victoria/bear-jwt/audience.go:23.9,24.29 1 1
github.com/Viva-Victoria/bear-jwt/audience.go:25.9,26.53 1 1
github.com/Viva-Victoria/bear-jwt/audience.go:27.10,28.40 1 1
github.com/Viva-Victoria/bear-jwt/audience.go:32.50,34.50 2 6
github.com/Viva-Victoria/bear-jwt/audience.go:37.2,37.18 1 6
github.com/Viva-Victoria/bear-jwt/audience.go:42.2,43.26 2 6
github.com/Viva-Victoria/bear-jwt/audience.go:34.50,36.3 1 0
github.com/Viva-Victoria/bear-jwt/audience.go:37.18,40.3 2 0
github.com/Viva-Victoria/bear-jwt/audience.go:44.36,46.10 2 3
github.com/Viva-Victoria/bear-jwt/audience.go:50.3,51.30 2 3
github.com/Viva-Victoria/bear-jwt/audience.go:59.3,60.13 2 2
github.com/Viva-Victoria/bear-jwt/audience.go:62.22,64.13 2 1
github.com/Viva-Victoria/bear-jwt/audience.go:66.10,67.33 1 2
github.com/Viva-Victoria/bear-jwt/audience.go:46.10,48.4 1 0
github.com/Viva-Victoria/bear-jwt/audience.go:51.30,53.11 2 4
github.com/Viva-Victoria/bear-jwt/audience.go:57.4,57.23 1 3
github.com/Viva-Victoria/bear-jwt/audience.go:53.11,55.5 1 1
github.com/Viva-Victoria/bear-jwt/models.go:24.53,29.2 1 10
github.com/Viva-Victoria/bear-jwt/models.go:31.52,33.2 1 13
github.com/Viva-Victoria/bear-jwt/models.go:35.53,37.2 1 1
github.com/Viva-Victoria/bear-jwt/models.go:39.38,41.2 1 8
github.com/Viva-Victoria/bear-jwt/models.go:43.39,45.2 1 0
github.com/Viva-Victoria/bear-jwt/models.go:47.47,49.2 1 0
github.com/Viva-Victoria/bear-jwt/models.go:51.41,53.2 1 0
github.com/Viva-Victoria/bear-jwt/models.go:83.37,85.2 1 0
github.com/Viva-Victoria/bear-jwt/models.go:87.41,89.2 1 0
github.com/Viva-Victoria/bear-jwt/models.go:91.42,93.2 1 0
github.com/Viva-Victoria/bear-jwt/models.go:95.45,97.2 1 0
github.com/Viva-Victoria/bear-jwt/models.go:99.47,101.2 1 3
github.com/Viva-Victoria/bear-jwt/models.go:103.48,105.2 1 4
github.com/Viva-Victoria/bear-jwt/models.go:107.48,109.2 1 5
github.com/Viva-Victoria/bear-jwt/models.go:111.48,112.31 1 3
github.com/Viva-Victoria/bear-jwt/models.go:118.2,118.14 1 1
github.com/Viva-Victoria/bear-jwt/models.go:112.31,113.30 1 5
github.com/Viva-Victoria/bear-jwt/models.go:113.30,115.4 1 2
github.com/Viva-Victoria/bear-jwt/parser.go:18.82,21.2 2 10
github.com/Viva-Victoria/bear-jwt/parser.go:23.74,25.2 1 12
github.com/Viva-Victoria/bear-jwt/parser.go:28.66,31.20 2 14
github.com/Viva-Victoria/bear-jwt/parser.go:35.2,36.20 2 13
github.com/Viva-Victoria/bear-jwt/parser.go:40.2,41.21 2 12
github.com/Viva-Victoria/bear-jwt/parser.go:47.2,49.16 3 12
github.com/Viva-Victoria/bear-jwt/parser.go:53.2,54.16 2 11
github.com/Viva-Victoria/bear-jwt/parser.go:58.2,59.35 2 10
github.com/Viva-Victoria/bear-jwt/parser.go:67.2,68.60 2 9
github.com/Viva-Victoria/bear-jwt/parser.go:71.2,71.54 1 7
github.com/Viva-Victoria/bear-jwt/parser.go:75.2,77.9 3 5
github.com/Viva-Victoria/bear-jwt/parser.go:81.2,82.16 2 4
github.com/Viva-Victoria/bear-jwt/parser.go:85.2,85.9 1 3
github.com/Viva-Victoria/bear-jwt/parser.go:89.2,90.60 2 2
github.com/Viva-Victoria/bear-jwt/parser.go:94.2,94.38 1 2
github.com/Viva-Victoria/bear-jwt/parser.go:31.20,33.3 1 1
github.com/Viva-Victoria/bear-jwt/parser.go:36.20,38.3 1 1
github.com/Viva-Victoria/bear-jwt/parser.go:41.21,43.3 1 1
github.com/Viva-Victoria/bear-jwt/parser.go:43.8,45.3 1 11
github.com/Viva-Victoria/bear-jwt/parser.go:49.16,51.3 1 1
github.com/Viva-Victoria/bear-jwt/parser.go:54.16,56.3 1 1
github.com/Viva-Victoria/bear-jwt/parser.go:59.35,62.17 3 9
github.com/Viva-Victoria/bear-jwt/parser.go:62.17,64.4 1 1
github.com/Viva-Victoria/bear-jwt/parser.go:68.60,70.3 1 2
github.com/Viva-Victoria/bear-jwt/parser.go:71.54,73.3 1 2
github.com/Viva-Victoria/bear-jwt/parser.go:77.9,79.3 1 1
github.com/Viva-Victoria/bear-jwt/parser.go:82.16,84.3 1 1
github.com/Viva-Victoria/bear-jwt/parser.go:85.9,87.3 1 1
github.com/Viva-Victoria/bear-jwt/parser.go:90.60,92.3 1 0
github.com/Viva-Victoria/bear-jwt/posix_time.go:13.43,15.2 1 14
github.com/Viva-Victoria/bear-jwt/posix_time.go:17.28,19.2 1 1
github.com/Viva-Victoria/bear-jwt/posix_time.go:21.51,22.21 1 10
github.com/Viva-Victoria/bear-jwt/posix_time.go:26.2,26.58 1 9
github.com/Viva-Victoria/bear-jwt/posix_time.go:22.21,24.3 1 1
github.com/Viva-Victoria/bear-jwt/posix_time.go:29.54,31.49 2 6
github.com/Viva-Victoria/bear-jwt/posix_time.go:36.2,37.16 2 5
github.com/Viva-Victoria/bear-jwt/posix_time.go:41.2,42.12 2 4
github.com/Viva-Victoria/bear-jwt/posix_time.go:31.49,34.3 2 1
github.com/Viva-Victoria/bear-jwt/posix_time.go:37.16,39.3 1 1
github.com/Viva-Victoria/bear-jwt/token.go:14.27,16.4 1 1
github.com/Viva-Victoria/bear-jwt/token.go:25.67,30.2 1 12
github.com/Viva-Victoria/bear-jwt/token.go:32.36,34.2 1 5
github.com/Viva-Victoria/bear-jwt/token.go:36.36,38.2 1 2
github.com/Viva-Victoria/bear-jwt/token.go:40.55,41.69 1 5
github.com/Viva-Victoria/bear-jwt/token.go:44.2,44.70 1 4
github.com/Viva-Victoria/bear-jwt/token.go:47.2,47.68 1 3
github.com/Viva-Victoria/bear-jwt/token.go:50.2,50.19 1 2
github.com/Viva-Victoria/bear-jwt/token.go:41.69,43.3 1 1
github.com/Viva-Victoria/bear-jwt/token.go:44.70,46.3 1 1
github.com/Viva-Victoria/bear-jwt/token.go:47.68,49.3 1 1
github.com/Viva-Victoria/bear-jwt/token.go:53.42,55.2 1 4
github.com/Viva-Victoria/bear-jwt/token.go:57.52,59.16 2 7
github.com/Viva-Victoria/bear-jwt/token.go:63.2,64.16 2 7
github.com/Viva-Victoria/bear-jwt/token.go:68.2,73.9 5 7
github.com/Viva-Victoria/bear-jwt/token.go:77.2,78.15 2 5
github.com/Viva-Victoria/bear-jwt/token.go:83.2,89.16 6 5
github.com/Viva-Victoria/bear-jwt/token.go:92.2,92.24 1 4
github.com/Viva-Victoria/bear-jwt/token.go:97.2,97.29 1 4
github.com/Viva-Victoria/bear-jwt/token.go:59.16,61.3 1 0
github.com/Viva-Victoria/bear-jwt/token.go:64.16,66.3 1 0
github.com/Viva-Victoria/bear-jwt/token.go:73.9,75.3 1 2
github.com/Viva-Victoria/bear-jwt/token.go:78.15,81.3 2 5
github.com/Viva-Victoria/bear-jwt/token.go:89.16,91.3 1 1
github.com/Viva-Victoria/bear-jwt/token.go:92.24,95.3 2 2
github.com/Viva-Victoria/bear-jwt/tools.go:8.48,10.2 1 3
github.com/Viva-Victoria/bear-jwt/tools.go:12.35,14.2 1 19
github.com/Viva-Victoria/bear-jwt/tools.go:16.46,18.2 1 34
